<?xml version="1.0" encoding="UTF-8"?>
<testsuite xmlns:xsi="http://www.w3.org/2001/XMLSchema-instance" xsi:noNamespaceSchemaLocation="https://maven.apache.org/surefire/maven-surefire-plugin/xsd/surefire-test-report.xsd" name="um.JenkinsTestFunctionsTests" time="0.185" tests="12" errors="0" skipped="0" failures="0">
  <properties>
[...]
</properties>
  <testcase name="timesSevenReturnsCorrectAnswerForOne" classname="UoM.JTest" time="0.016"/>
  <testcase name="timesSevenReturnsCorrectAnswerForTwo" classname="UoM.JTest" time="0.001"/>
  <testcase name="timesThreeReturnsCorrectAnswerForOne" classname="UoM.JTest" time="0.001"/>
  <testcase name="timesThreeReturnsCorrectAnswerForTwo" classname="UoM.JTest" time="0.002"/>
  <testcase name="timesSixReturnsCorrectAnswerForOne" classname="UoM.JTest" time="0"/>
  <testcase name="timesSixReturnsCorrectAnswerForTwo" classname="UoM.JTest" time="0"/>
  <testcase name="timesFourReturnsCorrectAnswerForOne" classname="UoM.JTest" time="0.001"/>
  <testcase name="timesFourReturnsCorrectAnswerForTwo" classname="UoM.JTest" time="0"/>
  <testcase name="timesFiveReturnsCorrectAnswerForOne" classname=UoM.JTest" time="0"/>
  <testcase name="timesFiveReturnsCorrectAnswerForTwo" classname="UoM.JTest" time="0"/>
  <testcase name="timesTwoReturnsCorrectAnswerForOne" classname="UoM.JTest" time="0"/>
  <testcase name="timesTwoReturnsCorrectAnswerForTwo" classname="UoM.JTest" time="0.001"/>
</testsuite>